<?xml version="1.0" encoding="UTF-8" ?>
<testsuite tests="9" failures="0" name="StepDef.RunCukesTest" time="0.042" errors="2" skipped="0">
  <properties>
[...]
</properties>
  <testcase classname="Scenario: Login with valid email dan password" name="Given user on the sirloinPOS website" time="0.004"/>
  <testcase classname="Scenario: Login with valid email dan password" name="When user click email field" time="0.001"/>
  <testcase classname="Scenario: Login with valid email dan password" name="And user input email &quot;mukhlisanshori123@gmail.com&quot;" time="0"/>
  <testcase classname="Scenario: Login with valid email dan password" name="When user click password field" time="0"/>
  <testcase classname="Scenario: Login with valid email dan password" name="And user input &quot;Mukhlis123&quot; as password" time="0"/>
  <testcase classname="Scenario: Login with valid email dan password" name="And user click login button" time="0.001"/>
  <testcase classname="Scenario: Login with valid email dan password" name="Then see modal successfully login" time="0.001"/>
  <testcase classname="Scenario: Login with valid email dan password" name="When click OK button modal" time="0.016">
    <error message="no such element: Unable to locate element: {&quot;method&quot;:&quot;xpath&quot;,&quot;selector&quot;:&quot;//div[@class=&apos;swal2-popup swal2-modal swal2-icon-success animate__animated animate__fadeIn animate__faster&apos;]&quot;}
  (Session info: chrome=109.0.5414.120)
For documentation on this error, please visit: https://selenium.dev/exceptions/#no_such_element
Build info: version: &apos;4.1.2&apos;, revision: &apos;9a5a329c5a&apos;
System info: host: &apos;DESKTOP-H54V1AL&apos;, ip: &apos;192.168.100.14&apos;, os.name: &apos;Windows 10&apos;, os.arch: &apos;amd64&apos;, os.version: &apos;10.0&apos;, java.version: &apos;1.8.0_351&apos;
Driver info: org.openqa.selenium.chrome.ChromeDriver
Command: [3b0ddce01100add1d42ff4063c35895d, findElement {using=xpath, value=//div[@class=&apos;swal2-popup swal2-modal swal2-icon-success animate__animated animate__fadeIn animate__faster&apos;]}]
Capabilities {acceptInsecureCerts: false, browserName: chrome, browserVersion: 109.0.5414.120, chrome: {chromedriverVersion: 109.0.5414.74 (e7c5703604da..., userDataDir: C:\Users\win10\AppData\Loca...}, goog:chromeOptions: {debuggerAddress: localhost:60071}, javascriptEnabled: true, networkConnectionEnabled: false, pageLoadStrategy: normal, platform: WINDOWS, platformName: WINDOWS, proxy: Proxy(), se:cdp: ws://localhost:60071/devtoo..., se:cdpVersion: 109.0.5414.120, setWindowRect: true, strictFileInteractability: false, timeouts: {implicit: 0, pageLoad: 300000, script: 30000}, unhandledPromptBehavior: dismiss and notify, webauthn:extension:credBlob: true, webauthn:extension:largeBlob: true, webauthn:virtualAuthenticators: true}
Session ID: 3b0ddce01100add1d42ff4063c35895d" type="org.openqa.selenium.NoSuchElementException">org.openqa.selenium.NoSuchElementException: no such element: Unable to locate element: {&quot;method&quot;:&quot;xpath&quot;,&quot;selector&quot;:&quot;//div[@class=&apos;swal2-popup swal2-modal swal2-icon-success animate__animated animate__fadeIn animate__faster&apos;]&quot;}
  (Session info: chrome=109.0.5414.120)
For documentation on this error, please visit: https://selenium.dev/exceptions/#no_such_element
Build info: version: &apos;4.1.2&apos;, revision: &apos;9a5a329c5a&apos;
System info: host: &apos;DESKTOP-H54V1AL&apos;, ip: &apos;192.168.100.14&apos;, os.name: &apos;Windows 10&apos;, os.arch: &apos;amd64&apos;, os.version: &apos;10.0&apos;, java.version: &apos;1.8.0_351&apos;
Driver info: org.openqa.selenium.chrome.ChromeDriver
Command: [3b0ddce01100add1d42ff4063c35895d, findElement {using=xpath, value=//div[@class=&apos;swal2-popup swal2-modal swal2-icon-success animate__animated animate__fadeIn animate__faster&apos;]}]
Capabilities {acceptInsecureCerts: false, browserName: chrome, browserVersion: 109.0.5414.120, chrome: {chromedriverVersion: 109.0.5414.74 (e7c5703604da..., userDataDir: C:\Users\win10\AppData\Loca...}, goog:chromeOptions: {debuggerAddress: localhost:60071}, javascriptEnabled: true, networkConnectionEnabled: false, pageLoadStrategy: normal, platform: WINDOWS, platformName: WINDOWS, proxy: Proxy(), se:cdp: ws://localhost:60071/devtoo..., se:cdpVersion: 109.0.5414.120, setWindowRect: true, strictFileInteractability: false, timeouts: {implicit: 0, pageLoad: 300000, script: 30000}, unhandledPromptBehavior: dismiss and notify, webauthn:extension:credBlob: true, webauthn:extension:largeBlob: true, webauthn:virtualAuthenticators: true}
Session ID: 3b0ddce01100add1d42ff4063c35895d
	at sun.reflect.NativeConstructorAccessorImpl.newInstance0(Native Method)
	at sun.reflect.NativeConstructorAccessorImpl.newInstance(NativeConstructorAccessorImpl.java:62)
	at sun.reflect.DelegatingConstructorAccessorImpl.newInstance(DelegatingConstructorAccessorImpl.java:45)
	at java.lang.reflect.Constructor.newInstance(Constructor.java:423)
	at org.openqa.selenium.remote.codec.w3c.W3CHttpResponseCodec.createException(W3CHttpResponseCodec.java:200)
	at org.openqa.selenium.remote.codec.w3c.W3CHttpResponseCodec.decode(W3CHttpResponseCodec.java:133)
	at org.openqa.selenium.remote.codec.w3c.W3CHttpResponseCodec.decode(W3CHttpResponseCodec.java:53)
	at org.openqa.selenium.remote.HttpCommandExecutor.execute(HttpCommandExecutor.java:184)
	at org.openqa.selenium.remote.service.DriverCommandExecutor.invokeExecute(DriverCommandExecutor.java:167)
	at org.openqa.selenium.remote.service.DriverCommandExecutor.execute(DriverCommandExecutor.java:142)
	at org.openqa.selenium.remote.RemoteWebDriver.execute(RemoteWebDriver.java:558)
	at org.openqa.selenium.remote.ElementLocation$ElementFinder$2.findElement(ElementLocation.java:162)
	at org.openqa.selenium.remote.ElementLocation.findElement(ElementLocation.java:60)
	at org.openqa.selenium.remote.RemoteWebDriver.findElement(RemoteWebDriver.java:382)
	at org.openqa.selenium.remote.RemoteWebDriver.findElement(RemoteWebDriver.java:374)
	at org.example.pageObject.LoginPage.clickOkSeeModal(LoginPage.java:76)
	at StepDef.LoginSteps.clickOKButtonModal(LoginSteps.java:69)
	at ✽.When click OK button modal(features/Login.feature:13)
</error>
  </testcase>
  <testcase classname="Scenario: Login with valid email dan password" name="Scenario: Login with valid email dan password" time="0.019">
    <error message="no such element: Unable to locate element: {&quot;method&quot;:&quot;xpath&quot;,&quot;selector&quot;:&quot;//div[@class=&apos;swal2-popup swal2-modal swal2-icon-success animate__animated animate__fadeIn animate__faster&apos;]&quot;}
  (Session info: chrome=109.0.5414.120)
For documentation on this error, please visit: https://selenium.dev/exceptions/#no_such_element
Build info: version: &apos;4.1.2&apos;, revision: &apos;9a5a329c5a&apos;
System info: host: &apos;DESKTOP-H54V1AL&apos;, ip: &apos;192.168.100.14&apos;, os.name: &apos;Windows 10&apos;, os.arch: &apos;amd64&apos;, os.version: &apos;10.0&apos;, java.version: &apos;1.8.0_351&apos;
Driver info: org.openqa.selenium.chrome.ChromeDriver
Command: [3b0ddce01100add1d42ff4063c35895d, findElement {using=xpath, value=//div[@class=&apos;swal2-popup swal2-modal swal2-icon-success animate__animated animate__fadeIn animate__faster&apos;]}]
Capabilities {acceptInsecureCerts: false, browserName: chrome, browserVersion: 109.0.5414.120, chrome: {chromedriverVersion: 109.0.5414.74 (e7c5703604da..., userDataDir: C:\Users\win10\AppData\Loca...}, goog:chromeOptions: {debuggerAddress: localhost:60071}, javascriptEnabled: true, networkConnectionEnabled: false, pageLoadStrategy: normal, platform: WINDOWS, platformName: WINDOWS, proxy: Proxy(), se:cdp: ws://localhost:60071/devtoo..., se:cdpVersion: 109.0.5414.120, setWindowRect: true, strictFileInteractability: false, timeouts: {implicit: 0, pageLoad: 300000, script: 30000}, unhandledPromptBehavior: dismiss and notify, webauthn:extension:credBlob: true, webauthn:extension:largeBlob: true, webauthn:virtualAuthenticators: true}
Session ID: 3b0ddce01100add1d42ff4063c35895d" type="org.openqa.selenium.NoSuchElementException">org.openqa.selenium.NoSuchElementException: no such element: Unable to locate element: {&quot;method&quot;:&quot;xpath&quot;,&quot;selector&quot;:&quot;//div[@class=&apos;swal2-popup swal2-modal swal2-icon-success animate__animated animate__fadeIn animate__faster&apos;]&quot;}
  (Session info: chrome=109.0.5414.120)
For documentation on this error, please visit: https://selenium.dev/exceptions/#no_such_element
Build info: version: &apos;4.1.2&apos;, revision: &apos;9a5a329c5a&apos;
System info: host: &apos;DESKTOP-H54V1AL&apos;, ip: &apos;192.168.100.14&apos;, os.name: &apos;Windows 10&apos;, os.arch: &apos;amd64&apos;, os.version: &apos;10.0&apos;, java.version: &apos;1.8.0_351&apos;
Driver info: org.openqa.selenium.chrome.ChromeDriver
Command: [3b0ddce01100add1d42ff4063c35895d, findElement {using=xpath, value=//div[@class=&apos;swal2-popup swal2-modal swal2-icon-success animate__animated animate__fadeIn animate__faster&apos;]}]
Capabilities {acceptInsecureCerts: false, browserName: chrome, browserVersion: 109.0.5414.120, chrome: {chromedriverVersion: 109.0.5414.74 (e7c5703604da..., userDataDir: C:\Users\win10\AppData\Loca...}, goog:chromeOptions: {debuggerAddress: localhost:60071}, javascriptEnabled: true, networkConnectionEnabled: false, pageLoadStrategy: normal, platform: WINDOWS, platformName: WINDOWS, proxy: Proxy(), se:cdp: ws://localhost:60071/devtoo..., se:cdpVersion: 109.0.5414.120, setWindowRect: true, strictFileInteractability: false, timeouts: {implicit: 0, pageLoad: 300000, script: 30000}, unhandledPromptBehavior: dismiss and notify, webauthn:extension:credBlob: true, webauthn:extension:largeBlob: true, webauthn:virtualAuthenticators: true}
Session ID: 3b0ddce01100add1d42ff4063c35895d
	at sun.reflect.NativeConstructorAccessorImpl.newInstance0(Native Method)
	at sun.reflect.NativeConstructorAccessorImpl.newInstance(NativeConstructorAccessorImpl.java:62)
	at sun.reflect.DelegatingConstructorAccessorImpl.newInstance(DelegatingConstructorAccessorImpl.java:45)
	at java.lang.reflect.Constructor.newInstance(Constructor.java:423)
	at org.openqa.selenium.remote.codec.w3c.W3CHttpResponseCodec.createException(W3CHttpResponseCodec.java:200)
	at org.openqa.selenium.remote.codec.w3c.W3CHttpResponseCodec.decode(W3CHttpResponseCodec.java:133)
	at org.openqa.selenium.remote.codec.w3c.W3CHttpResponseCodec.decode(W3CHttpResponseCodec.java:53)
	at org.openqa.selenium.remote.HttpCommandExecutor.execute(HttpCommandExecutor.java:184)
	at org.openqa.selenium.remote.service.DriverCommandExecutor.invokeExecute(DriverCommandExecutor.java:167)
	at org.openqa.selenium.remote.service.DriverCommandExecutor.execute(DriverCommandExecutor.java:142)
	at org.openqa.selenium.remote.RemoteWebDriver.execute(RemoteWebDriver.java:558)
	at org.openqa.selenium.remote.ElementLocation$ElementFinder$2.findElement(ElementLocation.java:162)
	at org.openqa.selenium.remote.ElementLocation.findElement(ElementLocation.java:60)
	at org.openqa.selenium.remote.RemoteWebDriver.findElement(RemoteWebDriver.java:382)
	at org.openqa.selenium.remote.RemoteWebDriver.findElement(RemoteWebDriver.java:374)
	at org.example.pageObject.LoginPage.clickOkSeeModal(LoginPage.java:76)
	at StepDef.LoginSteps.clickOKButtonModal(LoginSteps.java:69)
	at ✽.When click OK button modal(features/Login.feature:13)
</error>
  </testcase>
</testsuite>